<?xml version="1.0" encoding="UTF-8"?>
<!-- Generated by org.testng.reporters.JUnitXMLReporter -->
<testsuite ignored="0" hostname="Satheesh-Vidhya-Venpa" failures="0" tests="5" name="Application Test" time="48.689" errors="0" timestamp="13 Oct 2022 12:20:20 GMT">
  <testcase classname="com.letskodeit.testclasses.LoginTests" name="testInvalidLogin" time="5.366"/>
  <testcase classname="com.letskodeit.testclasses.LoginTests" name="testLogin" time="2.304"/>
  <testcase classname="com.letskodeit.testclasses.AllCoursesTests" name="filterByCategory" time="9.415"/>
  <testcase classname="com.letskodeit.testclasses.AllCoursesTests" name="verifySearchCourse" time="2.979"/>
  <testcase classname="com.letskodeit.testclasses.AllCoursesTests" name="verifySearchCourse" time="2.551"/>
</testsuite> <!-- Application Test -->
