<?xml version="1.0" encoding="UTF-8"?>
<!-- Generated by org.testng.reporters.JUnitXMLReporter -->
<testsuite ignored="0" hostname="Satheesh-Vidhya-Venpa" failures="0" tests="5" name="Application Test" time="45.429" errors="0" timestamp="06 Oct 2022 14:44:53 GMT">
  <testcase classname="com.letskodeit.testclasses.LoginTests" name="testInvalidLogin" time="5.306"/>
  <testcase classname="com.letskodeit.testclasses.LoginTests" name="testLogin" time="2.285"/>
  <testcase classname="com.letskodeit.testclasses.AllCoursesTests" name="filterByCategory" time="9.01"/>
  <testcase classname="com.letskodeit.testclasses.AllCoursesTests" name="verifySearchCourse" time="2.467"/>
  <testcase classname="com.letskodeit.testclasses.AllCoursesTests" name="verifySearchCourse" time="2.878"/>
</testsuite> <!-- Application Test -->
