<?xml version="1.0" encoding="UTF-8"?>
<testng-results ignored="0" total="5" passed="5" failed="0" skipped="0">
  <reporter-output>
  </reporter-output>
  <suite started-at="2022-10-13T12:19:31Z" name="Regression Test Suite" finished-at="2022-10-13T12:20:20Z" duration-ms="48689">
    <groups>
    </groups>
    <test started-at="2022-10-13T12:19:31Z" name="Application Test" finished-at="2022-10-13T12:20:20Z" duration-ms="48689">
      <class name="com.letskodeit.testclasses.AllCoursesTests">
        <test-method is-config="true" signature="commonSetUp(java.lang.String)[pri:0, instance:com.letskodeit.testclasses.AllCoursesTests@78b236a0]" started-at="2022-10-13T12:19:54Z" name="commonSetUp" finished-at="2022-10-13T12:20:00Z" duration-ms="5756" status="PASS">
          <params>
            <param index="0">
              <value>
                <![CDATA[chrome]]>
              </value>
            </param>
          </params>
          <reporter-output>
          </reporter-output>
        </test-method> <!-- commonSetUp -->
        <test-method is-config="true" signature="setUp()[pri:0, instance:com.letskodeit.testclasses.AllCoursesTests@78b236a0]" started-at="2022-10-13T12:20:00Z" name="setUp" finished-at="2022-10-13T12:20:04Z" duration-ms="4150" status="PASS">
          <reporter-output>
          </reporter-output>
        </test-method> <!-- setUp -->
        <test-method signature="filterByCategory()[pri:0, instance:com.letskodeit.testclasses.AllCoursesTests@78b236a0]" started-at="2022-10-13T12:20:04Z" name="filterByCategory" finished-at="2022-10-13T12:20:14Z" duration-ms="9415" status="PASS">
          <reporter-output>
          </reporter-output>
        </test-method> <!-- filterByCategory -->
        <test-method is-config="true" signature="methodSetUp()[pri:0, instance:com.letskodeit.testclasses.AllCoursesTests@78b236a0]" started-at="2022-10-13T12:20:04Z" name="methodSetUp" finished-at="2022-10-13T12:20:04Z" duration-ms="0" status="PASS">
          <reporter-output>
          </reporter-output>
        </test-method> <!-- methodSetUp -->
        <test-method is-config="true" signature="methodSetUp()[pri:0, instance:com.letskodeit.testclasses.AllCoursesTests@78b236a0]" started-at="2022-10-13T12:20:14Z" name="methodSetUp" finished-at="2022-10-13T12:20:14Z" duration-ms="1" status="PASS">
          <reporter-output>
          </reporter-output>
        </test-method> <!-- methodSetUp -->
        <test-method signature="verifySearchCourse(java.lang.String)[pri:0, instance:com.letskodeit.testclasses.AllCoursesTests@78b236a0]" started-at="2022-10-13T12:20:14Z" name="verifySearchCourse" data-provider="verifySearchCourseData" finished-at="2022-10-13T12:20:17Z" duration-ms="2979" status="PASS">
          <params>
            <param index="0">
              <value>
                <![CDATA[rest api]]>
              </value>
            </param>
          </params>
          <reporter-output>
          </reporter-output>
        </test-method> <!-- verifySearchCourse -->
        <test-method signature="verifySearchCourse(java.lang.String)[pri:0, instance:com.letskodeit.testclasses.AllCoursesTests@78b236a0]" started-at="2022-10-13T12:20:17Z" name="verifySearchCourse" data-provider="verifySearchCourseData" finished-at="2022-10-13T12:20:19Z" duration-ms="2551" status="PASS">
          <params>
            <param index="0">
              <value>
                <![CDATA[javascript]]>
              </value>
            </param>
          </params>
          <reporter-output>
          </reporter-output>
        </test-method> <!-- verifySearchCourse -->
        <test-method is-config="true" signature="methodSetUp()[pri:0, instance:com.letskodeit.testclasses.AllCoursesTests@78b236a0]" started-at="2022-10-13T12:20:17Z" name="methodSetUp" finished-at="2022-10-13T12:20:17Z" duration-ms="0" status="PASS">
          <reporter-output>
          </reporter-output>
        </test-method> <!-- methodSetUp -->
        <test-method is-config="true" signature="commonTearDown()[pri:0, instance:com.letskodeit.testclasses.AllCoursesTests@78b236a0]" started-at="2022-10-13T12:20:19Z" name="commonTearDown" finished-at="2022-10-13T12:20:20Z" duration-ms="635" status="PASS">
          <reporter-output>
          </reporter-output>
        </test-method> <!-- commonTearDown -->
      </class> <!-- com.letskodeit.testclasses.AllCoursesTests -->
      <class name="com.letskodeit.testclasses.LoginTests">
        <test-method is-config="true" signature="commonSetUp(java.lang.String)[pri:0, instance:com.letskodeit.testclasses.LoginTests@208e9ef6]" started-at="2022-10-13T12:19:31Z" name="commonSetUp" finished-at="2022-10-13T12:19:40Z" duration-ms="9138" status="PASS">
          <params>
            <param index="0">
              <value>
                <![CDATA[chrome]]>
              </value>
            </param>
          </params>
          <reporter-output>
          </reporter-output>
        </test-method> <!-- commonSetUp -->
        <test-method is-config="true" signature="methodSetUp()[pri:0, instance:com.letskodeit.testclasses.LoginTests@208e9ef6]" started-at="2022-10-13T12:19:40Z" name="methodSetUp" finished-at="2022-10-13T12:19:40Z" duration-ms="2" status="PASS">
          <reporter-output>
          </reporter-output>
        </test-method> <!-- methodSetUp -->
        <test-method signature="testInvalidLogin()[pri:0, instance:com.letskodeit.testclasses.LoginTests@208e9ef6]" started-at="2022-10-13T12:19:40Z" name="testInvalidLogin" finished-at="2022-10-13T12:19:46Z" duration-ms="5366" status="PASS">
          <reporter-output>
          </reporter-output>
        </test-method> <!-- testInvalidLogin -->
        <test-method is-config="true" signature="afterMethod()[pri:0, instance:com.letskodeit.testclasses.LoginTests@208e9ef6]" started-at="2022-10-13T12:19:46Z" name="afterMethod" finished-at="2022-10-13T12:19:49Z" duration-ms="3036" status="PASS">
          <reporter-output>
          </reporter-output>
        </test-method> <!-- afterMethod -->
        <test-method signature="testLogin()[pri:0, instance:com.letskodeit.testclasses.LoginTests@208e9ef6]" started-at="2022-10-13T12:19:49Z" name="testLogin" finished-at="2022-10-13T12:19:51Z" duration-ms="2304" status="PASS">
          <reporter-output>
          </reporter-output>
        </test-method> <!-- testLogin -->
        <test-method is-config="true" signature="methodSetUp()[pri:0, instance:com.letskodeit.testclasses.LoginTests@208e9ef6]" started-at="2022-10-13T12:19:49Z" name="methodSetUp" finished-at="2022-10-13T12:19:49Z" duration-ms="0" status="PASS">
          <reporter-output>
          </reporter-output>
        </test-method> <!-- methodSetUp -->
        <test-method is-config="true" signature="afterMethod()[pri:0, instance:com.letskodeit.testclasses.LoginTests@208e9ef6]" started-at="2022-10-13T12:19:51Z" name="afterMethod" finished-at="2022-10-13T12:19:54Z" duration-ms="2651" status="PASS">
          <reporter-output>
          </reporter-output>
        </test-method> <!-- afterMethod -->
        <test-method is-config="true" signature="commonTearDown()[pri:0, instance:com.letskodeit.testclasses.LoginTests@208e9ef6]" started-at="2022-10-13T12:19:54Z" name="commonTearDown" finished-at="2022-10-13T12:19:54Z" duration-ms="656" status="PASS">
          <reporter-output>
          </reporter-output>
        </test-method> <!-- commonTearDown -->
      </class> <!-- com.letskodeit.testclasses.LoginTests -->
    </test> <!-- Application Test -->
  </suite> <!-- Regression Test Suite -->
</testng-results>
